<?xml version="1.0" encoding="utf-8"?><testsuites><testsuite name="pytest" errors="0" failures="0" skipped="0" tests="19" time="0.525" timestamp="2024-06-01T20:48:04.973944" hostname="c4r4mel"><testcase classname="tests.test_multiple.unittestTestControl" name="testEndFunction" time="0.012" /><testcase classname="tests.test_multiple.unittestTestControl" name="testExceptionCleanUp" time="0.011" /><testcase classname="tests.test_multiple.unittestTestControl" name="testFunction" time="0.011" /><testcase classname="tests.test_multiple.unittestTestControl" name="testPrepareFunction" time="0.011" /><testcase classname="tests.test_multiple.TestMultiple" name="testEndFunction" time="0.010" /><testcase classname="tests.test_multiple.TestMultiple" name="testExceptionCleanUp" time="0.011" /><testcase classname="tests.test_multiple.TestMultiple" name="testFunction" time="0.011" /><testcase classname="tests.test_multiple.TestMultiple" name="testPrepareFunction" time="0.011" /><testcase classname="tests.test_multiple.TestMultiple" name="test_example_one" time="0.010" /><testcase classname="tests.test_multiple.TestMultiple" name="test_example_two" time="0.010" /><testcase classname="tests.test_single.unittestTestControl" name="testEndFunction" time="0.010" /><testcase classname="tests.test_single.unittestTestControl" name="testExceptionCleanUp" time="0.010" /><testcase classname="tests.test_single.unittestTestControl" name="testFunction" time="0.002" /><testcase classname="tests.test_single.unittestTestControl" name="testPrepareFunction" time="0.002" /><testcase classname="tests.test_single.TestSingle" name="testEndFunction" time="0.001" /><testcase classname="tests.test_single.TestSingle" name="testExceptionCleanUp" time="0.010" /><testcase classname="tests.test_single.TestSingle" name="testFunction" time="0.002" /><testcase classname="tests.test_single.TestSingle" name="testPrepareFunction" time="0.010" /><testcase classname="tests.test_single.TestSingle" name="test_example_one" time="0.011" /></testsuite></testsuites>