<?xml version="1.0" encoding="utf-8"?><testsuites><testsuite name="pytest" errors="4" failures="19" skipped="0" tests="19" time="0.402" timestamp="2024-06-01T19:50:45.628423" hostname="c4r4mel"><testcase classname="tests.test_multiple.unittestTestControl" name="testEndFunction" time="0.000"><failure message="AttributeError: 'unittestTestControl' object has no attribute 'powerControl'">self = &lt;framework.core.unittestTestControl.unittestTestControl testMethod=testEndFunction&gt;, powerOff = True

    def testEndFunction(self, powerOff=True):
        """Close device sessions and release test resources.
    
        Args:
            powerOff (bool, optional): Whether to power off after the test. Defaults
            to True.
    
        Returns:
            bool: True if cleanup succeeds, False otherwise.
        """
        if self.session:
            self.session.close()
        else:
            print("No session to close")
    
        if powerOff:
&gt;           self.powerControl.powerOff()
E           AttributeError: 'unittestTestControl' object has no attribute 'powerControl'

framework/core/testControl.py:319: AttributeError</failure></testcase><testcase classname="tests.test_multiple.unittestTestControl" name="testEndFunction" time="0.000"><error message="failed on teardown with &quot;AttributeError: 'unittestTestControl' object has no attribute 'powerControl'&quot;">self = &lt;framework.core.unittestTestControl.unittestTestControl testMethod=testEndFunction&gt;, powerOff = True

    def testEndFunction(self, powerOff=True):
        """Close device sessions and release test resources.
    
        Args:
            powerOff (bool, optional): Whether to power off after the test. Defaults
            to True.
    
        Returns:
            bool: True if cleanup succeeds, False otherwise.
        """
        if self.session:
            self.session.close()
        else:
            print("No session to close")
    
        if powerOff:
&gt;           self.powerControl.powerOff()
E           AttributeError: 'unittestTestControl' object has no attribute 'powerControl'

framework/core/testControl.py:319: AttributeError</error></testcase><testcase classname="tests.test_multiple.unittestTestControl" name="testExceptionCleanUp" time="0.000"><failure message="AttributeError: 'unittestTestControl' object has no attribute 'powerControl'">self = &lt;framework.core.unittestTestControl.unittestTestControl testMethod=testExceptionCleanUp&gt;, powerOff = True

    def testEndFunction(self, powerOff=True):
        """Close device sessions and release test resources.
    
        Args:
            powerOff (bool, optional): Whether to power off after the test. Defaults
            to True.
    
        Returns:
            bool: True if cleanup succeeds, False otherwise.
        """
        if self.session:
            self.session.close()
        else:
            print("No session to close")
    
        if powerOff:
&gt;           self.powerControl.powerOff()
E           AttributeError: 'unittestTestControl' object has no attribute 'powerControl'

framework/core/testControl.py:319: AttributeError</failure></testcase><testcase classname="tests.test_multiple.unittestTestControl" name="testFunction" time="0.000"><failure message="AttributeError: 'unittestTestControl' object has no attribute 'powerControl'">self = &lt;framework.core.unittestTestControl.unittestTestControl testMethod=testFunction&gt;, powerOff = True

    def testEndFunction(self, powerOff=True):
        """Close device sessions and release test resources.
    
        Args:
            powerOff (bool, optional): Whether to power off after the test. Defaults
            to True.
    
        Returns:
            bool: True if cleanup succeeds, False otherwise.
        """
        if self.session:
            self.session.close()
        else:
            print("No session to close")
    
        if powerOff:
&gt;           self.powerControl.powerOff()
E           AttributeError: 'unittestTestControl' object has no attribute 'powerControl'

framework/core/testControl.py:319: AttributeError</failure></testcase><testcase classname="tests.test_multiple.unittestTestControl" name="testPrepareFunction" time="0.000"><failure message="AttributeError: 'unittestTestControl' object has no attribute 'powerControl'">self = &lt;framework.core.unittestTestControl.unittestTestControl testMethod=testPrepareFunction&gt;, powerOff = True

    def testEndFunction(self, powerOff=True):
        """Close device sessions and release test resources.
    
        Args:
            powerOff (bool, optional): Whether to power off after the test. Defaults
            to True.
    
        Returns:
            bool: True if cleanup succeeds, False otherwise.
        """
        if self.session:
            self.session.close()
        else:
            print("No session to close")
    
        if powerOff:
&gt;           self.powerControl.powerOff()
E           AttributeError: 'unittestTestControl' object has no attribute 'powerControl'

framework/core/testControl.py:319: AttributeError</failure></testcase><testcase classname="tests.test_multiple.TestMultiple" name="testEndFunction" time="0.000"><failure message="AttributeError: 'TestMultiple' object has no attribute 'powerControl'">self = &lt;python_raft.tests.test_multiple.TestMultiple testMethod=testEndFunction&gt;, powerOff = True

    def testEndFunction(self, powerOff=True):
        """Close device sessions and release test resources.
    
        Args:
            powerOff (bool, optional): Whether to power off after the test. Defaults
            to True.
    
        Returns:
            bool: True if cleanup succeeds, False otherwise.
        """
        if self.session:
            self.session.close()
        else:
            print("No session to close")
    
        if powerOff:
&gt;           self.powerControl.powerOff()
E           AttributeError: 'TestMultiple' object has no attribute 'powerControl'

framework/core/testControl.py:319: AttributeError</failure></testcase><testcase classname="tests.test_multiple.TestMultiple" name="testEndFunction" time="0.000"><error message="failed on teardown with &quot;AttributeError: 'TestMultiple' object has no attribute 'powerControl'&quot;">self = &lt;python_raft.tests.test_multiple.TestMultiple testMethod=testEndFunction&gt;, powerOff = True

    def testEndFunction(self, powerOff=True):
        """Close device sessions and release test resources.
    
        Args:
            powerOff (bool, optional): Whether to power off after the test. Defaults
            to True.
    
        Returns:
            bool: True if cleanup succeeds, False otherwise.
        """
        if self.session:
            self.session.close()
        else:
            print("No session to close")
    
        if powerOff:
&gt;           self.powerControl.powerOff()
E           AttributeError: 'TestMultiple' object has no attribute 'powerControl'

framework/core/testControl.py:319: AttributeError</error></testcase><testcase classname="tests.test_multiple.TestMultiple" name="testExceptionCleanUp" time="0.000"><failure message="AttributeError: 'TestMultiple' object has no attribute 'powerControl'">self = &lt;python_raft.tests.test_multiple.TestMultiple testMethod=testExceptionCleanUp&gt;, powerOff = True

    def testEndFunction(self, powerOff=True):
        """Close device sessions and release test resources.
    
        Args:
            powerOff (bool, optional): Whether to power off after the test. Defaults
            to True.
    
        Returns:
            bool: True if cleanup succeeds, False otherwise.
        """
        if self.session:
            self.session.close()
        else:
            print("No session to close")
    
        if powerOff:
&gt;           self.powerControl.powerOff()
E           AttributeError: 'TestMultiple' object has no attribute 'powerControl'

framework/core/testControl.py:319: AttributeError</failure></testcase><testcase classname="tests.test_multiple.TestMultiple" name="testFunction" time="0.000"><failure message="AttributeError: 'TestMultiple' object has no attribute 'powerControl'">self = &lt;python_raft.tests.test_multiple.TestMultiple testMethod=testFunction&gt;, powerOff = True

    def testEndFunction(self, powerOff=True):
        """Close device sessions and release test resources.
    
        Args:
            powerOff (bool, optional): Whether to power off after the test. Defaults
            to True.
    
        Returns:
            bool: True if cleanup succeeds, False otherwise.
        """
        if self.session:
            self.session.close()
        else:
            print("No session to close")
    
        if powerOff:
&gt;           self.powerControl.powerOff()
E           AttributeError: 'TestMultiple' object has no attribute 'powerControl'

framework/core/testControl.py:319: AttributeError</failure></testcase><testcase classname="tests.test_multiple.TestMultiple" name="testPrepareFunction" time="0.000"><failure message="AttributeError: 'TestMultiple' object has no attribute 'powerControl'">self = &lt;python_raft.tests.test_multiple.TestMultiple testMethod=testPrepareFunction&gt;, powerOff = True

    def testEndFunction(self, powerOff=True):
        """Close device sessions and release test resources.
    
        Args:
            powerOff (bool, optional): Whether to power off after the test. Defaults
            to True.
    
        Returns:
            bool: True if cleanup succeeds, False otherwise.
        """
        if self.session:
            self.session.close()
        else:
            print("No session to close")
    
        if powerOff:
&gt;           self.powerControl.powerOff()
E           AttributeError: 'TestMultiple' object has no attribute 'powerControl'

framework/core/testControl.py:319: AttributeError</failure></testcase><testcase classname="tests.test_multiple.TestMultiple" name="test_example_one" time="0.000"><failure message="AttributeError: 'TestMultiple' object has no attribute 'powerControl'">framework/core/unittestTestControl.py:49: in tearDown
    self.testEndFunction()
_ _ _ _ _ _ _ _ _ _ _ _ _ _ _ _ _ _ _ _ _ _ _ _ _ _ _ _ _ _ _ _ _ _ _ _ _ _ _ _ _ _ _ _ _ _ _ _ _ _ _ _ _ _ _ _ _ _ _ _ _ _ _ _ _ _ _ _ _ _ _ _ _ _ _ _ _ _ _ _ _ _ _ _ _ _ _ _ _ _ _ _ _ _ _ _ _ _ _ _ _ _ _ _ _ _ _ _ _ _ _ _ _ _ _ _ _ _ _ _ _

self = &lt;python_raft.tests.test_multiple.TestMultiple testMethod=test_example_one&gt;, powerOff = True

    def testEndFunction(self, powerOff=True):
        """Close device sessions and release test resources.
    
        Args:
            powerOff (bool, optional): Whether to power off after the test. Defaults
            to True.
    
        Returns:
            bool: True if cleanup succeeds, False otherwise.
        """
        if self.session:
            self.session.close()
        else:
            print("No session to close")
    
        if powerOff:
&gt;           self.powerControl.powerOff()
E           AttributeError: 'TestMultiple' object has no attribute 'powerControl'

framework/core/testControl.py:319: AttributeError</failure></testcase><testcase classname="tests.test_multiple.TestMultiple" name="test_example_two" time="0.000"><failure message="AttributeError: 'TestMultiple' object has no attribute 'powerControl'">framework/core/unittestTestControl.py:49: in tearDown
    self.testEndFunction()
_ _ _ _ _ _ _ _ _ _ _ _ _ _ _ _ _ _ _ _ _ _ _ _ _ _ _ _ _ _ _ _ _ _ _ _ _ _ _ _ _ _ _ _ _ _ _ _ _ _ _ _ _ _ _ _ _ _ _ _ _ _ _ _ _ _ _ _ _ _ _ _ _ _ _ _ _ _ _ _ _ _ _ _ _ _ _ _ _ _ _ _ _ _ _ _ _ _ _ _ _ _ _ _ _ _ _ _ _ _ _ _ _ _ _ _ _ _ _ _ _

self = &lt;python_raft.tests.test_multiple.TestMultiple testMethod=test_example_two&gt;, powerOff = True

    def testEndFunction(self, powerOff=True):
        """Close device sessions and release test resources.
    
        Args:
            powerOff (bool, optional): Whether to power off after the test. Defaults
            to True.
    
        Returns:
            bool: True if cleanup succeeds, False otherwise.
        """
        if self.session:
            self.session.close()
        else:
            print("No session to close")
    
        if powerOff:
&gt;           self.powerControl.powerOff()
E           AttributeError: 'TestMultiple' object has no attribute 'powerControl'

framework/core/testControl.py:319: AttributeError</failure></testcase><testcase classname="tests.test_single.unittestTestControl" name="testEndFunction" time="0.000"><failure message="AttributeError: 'unittestTestControl' object has no attribute 'powerControl'">self = &lt;framework.core.unittestTestControl.unittestTestControl testMethod=testEndFunction&gt;, powerOff = True

    def testEndFunction(self, powerOff=True):
        """Close device sessions and release test resources.
    
        Args:
            powerOff (bool, optional): Whether to power off after the test. Defaults
            to True.
    
        Returns:
            bool: True if cleanup succeeds, False otherwise.
        """
        if self.session:
            self.session.close()
        else:
            print("No session to close")
    
        if powerOff:
&gt;           self.powerControl.powerOff()
E           AttributeError: 'unittestTestControl' object has no attribute 'powerControl'

framework/core/testControl.py:319: AttributeError</failure></testcase><testcase classname="tests.test_single.unittestTestControl" name="testEndFunction" time="0.000"><error message="failed on teardown with &quot;AttributeError: 'unittestTestControl' object has no attribute 'powerControl'&quot;">self = &lt;framework.core.unittestTestControl.unittestTestControl testMethod=testEndFunction&gt;, powerOff = True

    def testEndFunction(self, powerOff=True):
        """Close device sessions and release test resources.
    
        Args:
            powerOff (bool, optional): Whether to power off after the test. Defaults
            to True.
    
        Returns:
            bool: True if cleanup succeeds, False otherwise.
        """
        if self.session:
            self.session.close()
        else:
            print("No session to close")
    
        if powerOff:
&gt;           self.powerControl.powerOff()
E           AttributeError: 'unittestTestControl' object has no attribute 'powerControl'

framework/core/testControl.py:319: AttributeError</error></testcase><testcase classname="tests.test_single.unittestTestControl" name="testExceptionCleanUp" time="0.000"><failure message="AttributeError: 'unittestTestControl' object has no attribute 'powerControl'">self = &lt;framework.core.unittestTestControl.unittestTestControl testMethod=testExceptionCleanUp&gt;, powerOff = True

    def testEndFunction(self, powerOff=True):
        """Close device sessions and release test resources.
    
        Args:
            powerOff (bool, optional): Whether to power off after the test. Defaults
            to True.
    
        Returns:
            bool: True if cleanup succeeds, False otherwise.
        """
        if self.session:
            self.session.close()
        else:
            print("No session to close")
    
        if powerOff:
&gt;           self.powerControl.powerOff()
E           AttributeError: 'unittestTestControl' object has no attribute 'powerControl'

framework/core/testControl.py:319: AttributeError</failure></testcase><testcase classname="tests.test_single.unittestTestControl" name="testFunction" time="0.000"><failure message="AttributeError: 'unittestTestControl' object has no attribute 'powerControl'">self = &lt;framework.core.unittestTestControl.unittestTestControl testMethod=testFunction&gt;, powerOff = True

    def testEndFunction(self, powerOff=True):
        """Close device sessions and release test resources.
    
        Args:
            powerOff (bool, optional): Whether to power off after the test. Defaults
            to True.
    
        Returns:
            bool: True if cleanup succeeds, False otherwise.
        """
        if self.session:
            self.session.close()
        else:
            print("No session to close")
    
        if powerOff:
&gt;           self.powerControl.powerOff()
E           AttributeError: 'unittestTestControl' object has no attribute 'powerControl'

framework/core/testControl.py:319: AttributeError</failure></testcase><testcase classname="tests.test_single.unittestTestControl" name="testPrepareFunction" time="0.000"><failure message="AttributeError: 'unittestTestControl' object has no attribute 'powerControl'">self = &lt;framework.core.unittestTestControl.unittestTestControl testMethod=testPrepareFunction&gt;, powerOff = True

    def testEndFunction(self, powerOff=True):
        """Close device sessions and release test resources.
    
        Args:
            powerOff (bool, optional): Whether to power off after the test. Defaults
            to True.
    
        Returns:
            bool: True if cleanup succeeds, False otherwise.
        """
        if self.session:
            self.session.close()
        else:
            print("No session to close")
    
        if powerOff:
&gt;           self.powerControl.powerOff()
E           AttributeError: 'unittestTestControl' object has no attribute 'powerControl'

framework/core/testControl.py:319: AttributeError</failure></testcase><testcase classname="tests.test_single.TestSingle" name="testEndFunction" time="0.000"><failure message="AttributeError: 'TestSingle' object has no attribute 'powerControl'">self = &lt;python_raft.tests.test_single.TestSingle testMethod=testEndFunction&gt;, powerOff = True

    def testEndFunction(self, powerOff=True):
        """Close device sessions and release test resources.
    
        Args:
            powerOff (bool, optional): Whether to power off after the test. Defaults
            to True.
    
        Returns:
            bool: True if cleanup succeeds, False otherwise.
        """
        if self.session:
            self.session.close()
        else:
            print("No session to close")
    
        if powerOff:
&gt;           self.powerControl.powerOff()
E           AttributeError: 'TestSingle' object has no attribute 'powerControl'

framework/core/testControl.py:319: AttributeError</failure></testcase><testcase classname="tests.test_single.TestSingle" name="testEndFunction" time="0.000"><error message="failed on teardown with &quot;AttributeError: 'TestSingle' object has no attribute 'powerControl'&quot;">self = &lt;python_raft.tests.test_single.TestSingle testMethod=testEndFunction&gt;, powerOff = True

    def testEndFunction(self, powerOff=True):
        """Close device sessions and release test resources.
    
        Args:
            powerOff (bool, optional): Whether to power off after the test. Defaults
            to True.
    
        Returns:
            bool: True if cleanup succeeds, False otherwise.
        """
        if self.session:
            self.session.close()
        else:
            print("No session to close")
    
        if powerOff:
&gt;           self.powerControl.powerOff()
E           AttributeError: 'TestSingle' object has no attribute 'powerControl'

framework/core/testControl.py:319: AttributeError</error></testcase><testcase classname="tests.test_single.TestSingle" name="testExceptionCleanUp" time="0.000"><failure message="AttributeError: 'TestSingle' object has no attribute 'powerControl'">self = &lt;python_raft.tests.test_single.TestSingle testMethod=testExceptionCleanUp&gt;, powerOff = True

    def testEndFunction(self, powerOff=True):
        """Close device sessions and release test resources.
    
        Args:
            powerOff (bool, optional): Whether to power off after the test. Defaults
            to True.
    
        Returns:
            bool: True if cleanup succeeds, False otherwise.
        """
        if self.session:
            self.session.close()
        else:
            print("No session to close")
    
        if powerOff:
&gt;           self.powerControl.powerOff()
E           AttributeError: 'TestSingle' object has no attribute 'powerControl'

framework/core/testControl.py:319: AttributeError</failure></testcase><testcase classname="tests.test_single.TestSingle" name="testFunction" time="0.000"><failure message="AttributeError: 'TestSingle' object has no attribute 'powerControl'">self = &lt;python_raft.tests.test_single.TestSingle testMethod=testFunction&gt;, powerOff = True

    def testEndFunction(self, powerOff=True):
        """Close device sessions and release test resources.
    
        Args:
            powerOff (bool, optional): Whether to power off after the test. Defaults
            to True.
    
        Returns:
            bool: True if cleanup succeeds, False otherwise.
        """
        if self.session:
            self.session.close()
        else:
            print("No session to close")
    
        if powerOff:
&gt;           self.powerControl.powerOff()
E           AttributeError: 'TestSingle' object has no attribute 'powerControl'

framework/core/testControl.py:319: AttributeError</failure></testcase><testcase classname="tests.test_single.TestSingle" name="testPrepareFunction" time="0.000"><failure message="AttributeError: 'TestSingle' object has no attribute 'powerControl'">self = &lt;python_raft.tests.test_single.TestSingle testMethod=testPrepareFunction&gt;, powerOff = True

    def testEndFunction(self, powerOff=True):
        """Close device sessions and release test resources.
    
        Args:
            powerOff (bool, optional): Whether to power off after the test. Defaults
            to True.
    
        Returns:
            bool: True if cleanup succeeds, False otherwise.
        """
        if self.session:
            self.session.close()
        else:
            print("No session to close")
    
        if powerOff:
&gt;           self.powerControl.powerOff()
E           AttributeError: 'TestSingle' object has no attribute 'powerControl'

framework/core/testControl.py:319: AttributeError</failure></testcase><testcase classname="tests.test_single.TestSingle" name="test_example_one" time="0.000"><failure message="AttributeError: 'TestSingle' object has no attribute 'powerControl'">framework/core/unittestTestControl.py:49: in tearDown
    self.testEndFunction()
_ _ _ _ _ _ _ _ _ _ _ _ _ _ _ _ _ _ _ _ _ _ _ _ _ _ _ _ _ _ _ _ _ _ _ _ _ _ _ _ _ _ _ _ _ _ _ _ _ _ _ _ _ _ _ _ _ _ _ _ _ _ _ _ _ _ _ _ _ _ _ _ _ _ _ _ _ _ _ _ _ _ _ _ _ _ _ _ _ _ _ _ _ _ _ _ _ _ _ _ _ _ _ _ _ _ _ _ _ _ _ _ _ _ _ _ _ _ _ _ _

self = &lt;python_raft.tests.test_single.TestSingle testMethod=test_example_one&gt;, powerOff = True

    def testEndFunction(self, powerOff=True):
        """Close device sessions and release test resources.
    
        Args:
            powerOff (bool, optional): Whether to power off after the test. Defaults
            to True.
    
        Returns:
            bool: True if cleanup succeeds, False otherwise.
        """
        if self.session:
            self.session.close()
        else:
            print("No session to close")
    
        if powerOff:
&gt;           self.powerControl.powerOff()
E           AttributeError: 'TestSingle' object has no attribute 'powerControl'

framework/core/testControl.py:319: AttributeError</failure></testcase></testsuite></testsuites>